<?xml version="1.0" encoding="UTF-8"?>
<testsuite xmlns:xsi="http://www.w3.org/2001/XMLSchema-instance" xsi:noNamespaceSchemaLocation="https://maven.apache.org/surefire/maven-surefire-plugin/xsd/surefire-test-report.xsd" version="3.0.2" name="com.VoucherVault.VoucherVault.VoucherVaultApplicationTests" time="2.604" tests="1" errors="0" skipped="0" failures="0">
  <properties>
[...]
</properties>
  <testcase name="contextLoads" classname="com.VoucherVault.VoucherVault.VoucherVaultApplicationTests" time="0.435">
    <system-out><![CDATA[20:09:47.924 [main] INFO org.springframework.test.context.support.AnnotationConfigContextLoaderUtils -- Could not detect default configuration classes for test class [com.VoucherVault.VoucherVault.VoucherVaultApplicationTests]: VoucherVaultApplicationTests does not declare any static, non-private, non-final, nested classes annotated with @Configuration.
20:09:47.975 [main] INFO org.springframework.boot.test.context.SpringBootTestContextBootstrapper -- Found @SpringBootConfiguration com.VoucherVault.VoucherVault.VoucherVaultApplication for test class com.VoucherVault.VoucherVault.VoucherVaultApplicationTests

  .   ____          _            __ _ _
 /\\ / ___'_ __ _ _(_)_ __  __ _ \ \ \ \
( ( )\___ | '_ | '_| | '_ \/ _` | \ \ \ \
 \\/  ___)| |_)| | | | | || (_| |  ) ) ) )
  '  |____| .__|_| |_|_| |_\__, | / / / /
 =========|_|==============|___/=/_/_/_/

 :: Spring Boot ::                (v3.4.1)

2025-01-02T20:09:48.157+05:30  INFO 19355 --- [VoucherVault] [           main] c.V.V.VoucherVaultApplicationTests       : Starting VoucherVaultApplicationTests using Java 21.0.1 with PID 19355 (started by akshansh in /Users/akshansh/workspace/Java Development/VoucherVault)
2025-01-02T20:09:48.158+05:30  INFO 19355 --- [VoucherVault] [           main] c.V.V.VoucherVaultApplicationTests       : No active profile set, falling back to 1 default profile: "default"
2025-01-02T20:09:48.460+05:30  INFO 19355 --- [VoucherVault] [           main] .s.d.r.c.RepositoryConfigurationDelegate : Bootstrapping Spring Data MongoDB repositories in DEFAULT mode.
2025-01-02T20:09:48.491+05:30  INFO 19355 --- [VoucherVault] [           main] .s.d.r.c.RepositoryConfigurationDelegate : Finished Spring Data repository scanning in 27 ms. Found 3 MongoDB repository interfaces.
2025-01-02T20:09:48.812+05:30  INFO 19355 --- [VoucherVault] [           main] org.mongodb.driver.client                : MongoClient with metadata {"application": {"name": "ClusterforVoucherVault"}, "driver": {"name": "mongo-java-driver|sync|spring-boot", "version": "5.2.1"}, "os": {"type": "Darwin", "name": "Mac OS X", "architecture": "aarch64", "version": "15.1.1"}, "platform": "Java/Oracle Corporation/21.0.1+12-LTS-29"} created with settings MongoClientSettings{readPreference=primary, writeConcern=WriteConcern{w=majority, wTimeout=null ms, journal=null}, retryWrites=true, retryReads=true, readConcern=ReadConcern{level=null}, credential=MongoCredential{mechanism=null, userName='akshanshgupta13', source='admin', password=<hidden>, mechanismProperties=<hidden>}, transportSettings=null, commandListeners=[], codecRegistry=ProvidersCodecRegistry{codecProviders=[ValueCodecProvider{}, BsonValueCodecProvider{}, DBRefCodecProvider{}, DBObjectCodecProvider{}, DocumentCodecProvider{}, CollectionCodecProvider{}, IterableCodecProvider{}, MapCodecProvider{}, GeoJsonCodecProvider{}, GridFSFileCodecProvider{}, Jsr310CodecProvider{}, JsonObjectCodecProvider{}, BsonCodecProvider{}, EnumCodecProvider{}, com.mongodb.client.model.mql.ExpressionCodecProvider@49fb0bbd, com.mongodb.Jep395RecordCodecProvider@5489b1f7, com.mongodb.KotlinCodecProvider@4faf104]}, loggerSettings=LoggerSettings{maxDocumentLength=1000}, clusterSettings={hosts=[127.0.0.1:27017], srvHost=clusterforvouchervault.wguu0.mongodb.net, srvServiceName=mongodb, mode=MULTIPLE, requiredClusterType=REPLICA_SET, requiredReplicaSetName='atlas-jdz4e0-shard-0', serverSelector='null', clusterListeners='[]', serverSelectionTimeout='30000 ms', localThreshold='15 ms'}, socketSettings=SocketSettings{connectTimeoutMS=10000, readTimeoutMS=0, receiveBufferSize=0, proxySettings=ProxySettings{host=null, port=null, username=null, password=null}}, heartbeatSocketSettings=SocketSettings{connectTimeoutMS=10000, readTimeoutMS=10000, receiveBufferSize=0, proxySettings=ProxySettings{host=null, port=null, username=null, password=null}}, connectionPoolSettings=ConnectionPoolSettings{maxSize=100, minSize=0, maxWaitTimeMS=120000, maxConnectionLifeTimeMS=0, maxConnectionIdleTimeMS=0, maintenanceInitialDelayMS=0, maintenanceFrequencyMS=60000, connectionPoolListeners=[], maxConnecting=2}, serverSettings=ServerSettings{heartbeatFrequencyMS=10000, minHeartbeatFrequencyMS=500, serverMonitoringMode=AUTO, serverListeners='[]', serverMonitorListeners='[]'}, sslSettings=SslSettings{enabled=true, invalidHostNameAllowed=false, context=null}, applicationName='ClusterforVoucherVault', compressorList=[], uuidRepresentation=JAVA_LEGACY, serverApi=null, autoEncryptionSettings=null, dnsClient=null, inetAddressResolver=null, contextProvider=null, timeoutMS=null}
2025-01-02T20:09:48.866+05:30  INFO 19355 --- [VoucherVault] [uu0.mongodb.net] org.mongodb.driver.cluster               : Adding discovered server clusterforvouchervault-shard-00-02.wguu0.mongodb.net:27017 to client view of cluster
2025-01-02T20:09:48.887+05:30  INFO 19355 --- [VoucherVault] [uu0.mongodb.net] org.mongodb.driver.cluster               : Adding discovered server clusterforvouchervault-shard-00-00.wguu0.mongodb.net:27017 to client view of cluster
2025-01-02T20:09:48.890+05:30  INFO 19355 --- [VoucherVault] [uu0.mongodb.net] org.mongodb.driver.cluster               : Adding discovered server clusterforvouchervault-shard-00-01.wguu0.mongodb.net:27017 to client view of cluster
2025-01-02T20:09:48.980+05:30  INFO 19355 --- [VoucherVault] [           main] org.mongodb.driver.cluster               : Waiting for server to become available for operation with ID 5. Remaining time: 29996 ms. Selector: WritableServerSelector, topology description: {type=REPLICA_SET, servers=[{address=clusterforvouchervault-shard-00-02.wguu0.mongodb.net:27017, type=UNKNOWN, state=CONNECTING}, {address=clusterforvouchervault-shard-00-00.wguu0.mongodb.net:27017, type=UNKNOWN, state=CONNECTING}, {address=clusterforvouchervault-shard-00-01.wguu0.mongodb.net:27017, type=UNKNOWN, state=CONNECTING}].
2025-01-02T20:09:49.456+05:30  INFO 19355 --- [VoucherVault] [ngodb.net:27017] org.mongodb.driver.cluster               : Monitor thread successfully connected to server with description ServerDescription{address=clusterforvouchervault-shard-00-02.wguu0.mongodb.net:27017, type=REPLICA_SET_PRIMARY, cryptd=false, state=CONNECTED, ok=true, minWireVersion=0, maxWireVersion=25, maxDocumentSize=16777216, logicalSessionTimeoutMinutes=30, roundTripTimeNanos=162010542, minRoundTripTimeNanos=0, setName='atlas-jdz4e0-shard-0', canonicalAddress=clusterforvouchervault-shard-00-02.wguu0.mongodb.net:27017, hosts=[clusterforvouchervault-shard-00-02.wguu0.mongodb.net:27017, clusterforvouchervault-shard-00-00.wguu0.mongodb.net:27017, clusterforvouchervault-shard-00-01.wguu0.mongodb.net:27017], passives=[], arbiters=[], primary='clusterforvouchervault-shard-00-02.wguu0.mongodb.net:27017', tagSet=TagSet{[Tag{name='availabilityZone', value='aps1-az2'}, Tag{name='diskState', value='READY'}, Tag{name='nodeType', value='ELECTABLE'}, Tag{name='provider', value='AWS'}, Tag{name='region', value='AP_SOUTH_1'}, Tag{name='workloadType', value='OPERATIONAL'}]}, electionId=7fffffff00000000000000a1, setVersion=173, topologyVersion=TopologyVersion{processId=67754317cf3d7a56dee07dcc, counter=6}, lastWriteDate=Thu Jan 02 20:09:49 IST 2025, lastUpdateTimeNanos=446735570942291}
2025-01-02T20:09:49.458+05:30  INFO 19355 --- [VoucherVault] [ngodb.net:27017] org.mongodb.driver.cluster               : Discovered replica set primary clusterforvouchervault-shard-00-02.wguu0.mongodb.net:27017 with max election id 7fffffff00000000000000a1 and max set version 173
2025-01-02T20:09:49.723+05:30  INFO 19355 --- [VoucherVault] [           main] r$InitializeUserDetailsManagerConfigurer : Global AuthenticationManager configured with UserDetailsService bean with name userDetailsServiceImpl
2025-01-02T20:09:49.998+05:30  INFO 19355 --- [VoucherVault] [           main] c.V.V.VoucherVaultApplicationTests       : Started VoucherVaultApplicationTests in 1.959 seconds (process running for 2.392)
]]></system-out>
    <system-err><![CDATA[Mockito is currently self-attaching to enable the inline-mock-maker. This will no longer work in future releases of the JDK. Please add Mockito as an agent to your build what is described in Mockito's documentation: https://javadoc.io/doc/org.mockito/mockito-core/latest/org/mockito/Mockito.html#0.3
WARNING: A Java agent has been loaded dynamically (/Users/akshansh/.m2/repository/net/bytebuddy/byte-buddy-agent/1.15.11/byte-buddy-agent-1.15.11.jar)
WARNING: If a serviceability tool is in use, please run with -XX:+EnableDynamicAgentLoading to hide this warning
WARNING: If a serviceability tool is not in use, please run with -Djdk.instrument.traceUsage for more information
WARNING: Dynamic loading of agents will be disallowed by default in a future release
]]></system-err>
  </testcase>
</testsuite>